<?xml version="1.0" encoding="UTF-8"?>
<testsuites>
  <testsuite name="fastlane.lanes">
    
    
    
      
      <testcase classname="fastlane.lanes" name="0: default_platform" time="0.0010413">
        
      </testcase>
    
      
      <testcase classname="fastlane.lanes" name="1: flutter clean" time="1.3582936">
        
      </testcase>
    
      
      <testcase classname="fastlane.lanes" name="2: flutter pub get" time="1.5828976">
        
      </testcase>
    
      
      <testcase classname="fastlane.lanes" name="3: flutter build appbundle --release" time="31.2852674">
        
          <failure message="C:/Users/Emili/.local/share/gem/ruby/3.4.0/gems/fastlane-2.230.0/fastlane/lib/fastlane/actions/actions_helper.rb:67:in &apos;Fastlane::Actions.execute_action&apos;&#10;C:/Users/Emili/.local/share/gem/ruby/3.4.0/gems/fastlane-2.230.0/fastlane/lib/fastlane/fast_file.rb:224:in &apos;Fastlane::FastFile.sh&apos;&#10;C:/Users/Emili/.local/share/gem/ruby/3.4.0/gems/fastlane-2.230.0/fastlane/lib/fastlane/fast_file.rb:216:in &apos;Fastlane::FastFile#sh&apos;&#10;Fastfile:13:in &apos;block (3 levels) in Fastlane::FastFile#parsing_binding&apos;&#10;Fastfile:10:in &apos;Dir.chdir&apos;&#10;Fastfile:10:in &apos;block (2 levels) in Fastlane::FastFile#parsing_binding&apos;&#10;C:/Users/Emili/.local/share/gem/ruby/3.4.0/gems/fastlane-2.230.0/fastlane/lib/fastlane/lane.rb:41:in &apos;Fastlane::Lane#call&apos;&#10;C:/Users/Emili/.local/share/gem/ruby/3.4.0/gems/fastlane-2.230.0/fastlane/lib/fastlane/runner.rb:49:in &apos;block in Fastlane::Runner#execute&apos;&#10;C:/Users/Emili/.local/share/gem/ruby/3.4.0/gems/fastlane-2.230.0/fastlane/lib/fastlane/runner.rb:45:in &apos;Dir.chdir&apos;&#10;C:/Users/Emili/.local/share/gem/ruby/3.4.0/gems/fastlane-2.230.0/fastlane/lib/fastlane/runner.rb:45:in &apos;Fastlane::Runner#execute&apos;&#10;C:/Users/Emili/.local/share/gem/ruby/3.4.0/gems/fastlane-2.230.0/fastlane/lib/fastlane/lane_manager.rb:46:in &apos;Fastlane::LaneManager.cruise_lane&apos;&#10;C:/Users/Emili/.local/share/gem/ruby/3.4.0/gems/fastlane-2.230.0/fastlane/lib/fastlane/command_line_handler.rb:34:in &apos;Fastlane::CommandLineHandler.handle&apos;&#10;C:/Users/Emili/.local/share/gem/ruby/3.4.0/gems/fastlane-2.230.0/fastlane/lib/fastlane/commands_generator.rb:110:in &apos;block (2 levels) in Fastlane::CommandsGenerator#run&apos;&#10;C:/Users/Emili/.local/share/gem/ruby/3.4.0/gems/commander-4.6.0/lib/commander/command.rb:187:in &apos;Commander::Command#call&apos;&#10;C:/Users/Emili/.local/share/gem/ruby/3.4.0/gems/commander-4.6.0/lib/commander/command.rb:157:in &apos;Commander::Command#run&apos;&#10;C:/Users/Emili/.local/share/gem/ruby/3.4.0/gems/commander-4.6.0/lib/commander/runner.rb:444:in &apos;Commander::Runner#run_active_command&apos;&#10;C:/Users/Emili/.local/share/gem/ruby/3.4.0/gems/fastlane-2.230.0/fastlane_core/lib/fastlane_core/ui/fastlane_runner.rb:124:in &apos;Commander::Runner#run!&apos;&#10;C:/Users/Emili/.local/share/gem/ruby/3.4.0/gems/commander-4.6.0/lib/commander/delegates.rb:18:in &apos;Commander::Delegates#run!&apos;&#10;C:/Users/Emili/.local/share/gem/ruby/3.4.0/gems/fastlane-2.230.0/fastlane/lib/fastlane/commands_generator.rb:363:in &apos;Fastlane::CommandsGenerator#run&apos;&#10;C:/Users/Emili/.local/share/gem/ruby/3.4.0/gems/fastlane-2.230.0/fastlane/lib/fastlane/commands_generator.rb:43:in &apos;Fastlane::CommandsGenerator.start&apos;&#10;C:/Users/Emili/.local/share/gem/ruby/3.4.0/gems/fastlane-2.230.0/fastlane/lib/fastlane/cli_tools_distributor.rb:123:in &apos;Fastlane::CLIToolsDistributor.take_off&apos;&#10;C:/Users/Emili/.local/share/gem/ruby/3.4.0/gems/fastlane-2.230.0/bin/fastlane:23:in &apos;&lt;top (required)&gt;&apos;&#10;C:/Users/Emili/AppData/Local/Microsoft/WindowsApps/fastlane:36:in &apos;Kernel#load&apos;&#10;C:/Users/Emili/AppData/Local/Microsoft/WindowsApps/fastlane:36:in &apos;&lt;main&gt;&apos;&#10;&#10;Exit status of command &apos;flutter build appbundle --release&apos; was 1 instead of 0.&#10;Resolving dependencies...&#10;Downloading packages...&#10;  characters 1.4.0 (1.4.1 available)&#10;  confetti 0.7.0 (0.8.0 available)&#10;  flutter_launcher_icons 0.13.1 (0.14.4 available)&#10;  flutter_lints 3.0.2 (6.0.0 available)&#10;  go_router 14.8.1 (17.0.1 available)&#10;  lints 3.0.0 (6.0.0 available)&#10;  matcher 0.12.17 (0.12.18 available)&#10;  material_color_utilities 0.11.1 (0.13.0 available)&#10;  package_info_plus 8.3.1 (9.0.0 available)&#10;  sqlite3 2.9.4 (3.1.2 available)&#10;  test_api 0.7.7 (0.7.8 available)&#10;  wakelock_plus 1.3.3 (1.4.0 available)&#10;Got dependencies!&#10;12 packages have newer versions incompatible with dependency constraints.&#10;Try `flutter pub outdated` for more information.&#10;Running Gradle task &apos;bundleRelease&apos;...                          &#10;Font asset &quot;MaterialIcons-Regular.otf&quot; was tree-shaken, reducing it from 1645184 to 8480 bytes (99.5% reduction). Tree-shaking can be disabled by providing the --no-tree-shake-icons flag when building your app.&#10;&#10;FAILURE: Build failed with an exception.&#10;&#10;* What went wrong:&#10;Execution failed for task &apos;:app:mergeReleaseResources&apos;.&#10;&gt; Cannot access output property &apos;incrementalFolder&apos; of task &apos;:app:mergeReleaseResources&apos;. Accessing unreadable inputs or outputs is not supported. Declare the task as untracked by using Task.doNotTrackState(). For more information, please refer to https://docs.gradle.org/8.14/userguide/incremental_build.html#sec:disable-state-tracking in the Gradle documentation.&#10;   &gt; java.io.IOException: Cannot snapshot C:\Users\Emili\SynologyDrive\AntiGravity\FoulAndFortune\build\app\intermediates\incremental\release\mergeReleaseResources\merged.dir\values-el\values-el.xml: not a regular file&#10;&#10;* Try:&#10;&gt; Run with --stacktrace option to get the stack trace.&#10;&gt; Run with --info or --debug option to get more log output.&#10;&gt; Run with --scan to get full insights.&#10;&gt; Get more help at https://help.gradle.org.&#10;&#10;BUILD FAILED in 29s&#10;Running Gradle task &apos;bundleRelease&apos;...                             29,5s&#10;Gradle task bundleRelease failed with exit code 1&#10;" />
        
      </testcase>
    
  </testsuite>
</testsuites>
